[17:58:06] [main/INFO] (FabricLoader/GameProvider) Loading Minecraft 1.19.2 with Fabric Loader 0.14.19
[17:58:07] [main/INFO] (FabricLoader) Loading 47 mods:
	- fabric-api 0.67.1+1.19.2
	- fabric-api-base 0.4.13+0d0f210290
	- fabric-api-lookup-api-v1 1.6.12+93d8cb8290
	- fabric-biome-api-v1 9.0.20+0d0f210290
	- fabric-block-api-v1 1.0.1+12bfe4ea90
	- fabric-blockrenderlayer-v1 1.1.22+c6af733c90
	- fabric-client-tags-api-v1 1.0.3+b35fea8390
	- fabric-command-api-v2 2.1.9+93d8cb8290
	- fabric-content-registries-v0 3.4.3+6064db2a90
	- fabric-convention-tags-v1 1.1.3+93d8cb8290
	- fabric-crash-report-info-v1 0.2.7+aeb40ebe90
	- fabric-data-generation-api-v1 5.3.1+ad31814d90
	- fabric-dimensions-v1 2.1.33+0d0f210290
	- fabric-entity-events-v1 1.5.2+9244241690
	- fabric-events-interaction-v0 0.4.30+c6af733c90
	- fabric-game-rule-api-v1 1.0.23+c6af733c90
	- fabric-gametest-api-v1 1.1.4+704e47e990
	- fabric-item-api-v1 1.6.1+fa140d5990
	- fabric-item-groups-v0 0.3.35+9244241690
	- fabric-key-binding-api-v1 1.0.23+aaaf9d3390
	- fabric-lifecycle-events-v1 2.2.2+9244241690
	- fabric-loot-api-v2 1.1.9+83a8659290
	- fabric-message-api-v1 5.0.5+93d8cb8290
	- fabric-mining-level-api-v1 2.1.20+33fbc73890
	- fabric-models-v0 0.3.19+c6af733c90
	- fabric-networking-api-v1 1.2.7+9244241690
	- fabric-object-builder-api-v1 4.1.2+06e0e25190
	- fabric-particles-v1 1.0.12+79adfe0a90
	- fabric-registry-sync-v0 0.9.28+9244241690
	- fabric-renderer-api-v1 1.0.14+12bfe4ea90
	- fabric-renderer-indigo 0.6.16+aeb40ebe90
	- fabric-rendering-data-attachment-v1 0.3.17+0d0f210290
	- fabric-rendering-fluids-v1 3.0.9+c6af733c90
	- fabric-rendering-v1 1.11.1+73145abb90
	- fabric-resource-conditions-api-v1 2.1.1+aae9039d90
	- fabric-resource-loader-v0 0.8.1+0d0f210290
	- fabric-screen-api-v1 1.0.29+0d0f210290
	- fabric-screen-handler-api-v1 1.3.3+1cc24b1b90
	- fabric-sound-api-v1 1.0.1+c4f28df590
	- fabric-textures-v0 1.0.22+aeb40ebe90
	- fabric-transfer-api-v1 2.1.3+9d081d6490
	- fabric-transitive-access-wideners-v1 1.3.2+42d99c3290
	- fabricloader 0.14.19
	- java 17
	- limbo 1.0.0
	- minecraft 1.19.2
	- terrablender 2.0.1.127
[17:58:07] [main/INFO] (FabricLoader/Mixin) SpongePowered MIXIN Subsystem Version=0.8.5 Source=file:/C:/Users/theha/.mcreator/gradle/caches/modules-2/files-2.1/net.fabricmc/sponge-mixin/0.12.4+mixin.0.8.5/e13b4069fe3555969811d4474f78576c707bbe1c/sponge-mixin-0.12.4+mixin.0.8.5.jar Service=Knot/Fabric Env=CLIENT
[17:58:07] [main/INFO] (FabricLoader/Mixin) Loaded Fabric development mappings for mixin remapper!
[17:58:07] [main/INFO] (FabricLoader/Mixin) Compatibility level set to JAVA_16
[17:58:07] [main/INFO] (FabricLoader/Mixin) Compatibility level set to JAVA_17
[17:58:11] [main/INFO] (Minecraft) Building optimized datafixer
[17:58:16] [Render thread/INFO] (Minecraft) Environment: authHost='https://authserver.mojang.com', accountsHost='https://api.mojang.com', sessionHost='https://sessionserver.mojang.com', servicesHost='https://api.minecraftservices.com', name='PROD'
[17:58:17] [Render thread/ERROR] (fabric-screen-api-v1) Failed to verify authentication
com.mojang.authlib.exceptions.InvalidCredentialsException: Status: 401
	at com.mojang.authlib.exceptions.MinecraftClientHttpException.toAuthenticationException(MinecraftClientHttpException.java:56) ~[authlib-3.11.49.jar:?]
	at com.mojang.authlib.yggdrasil.YggdrasilUserApiService.fetchProperties(YggdrasilUserApiService.java:155) ~[authlib-3.11.49.jar:?]
	at com.mojang.authlib.yggdrasil.YggdrasilUserApiService.<init>(YggdrasilUserApiService.java:55) ~[authlib-3.11.49.jar:?]
	at com.mojang.authlib.yggdrasil.YggdrasilAuthenticationService.createUserApiService(YggdrasilAuthenticationService.java:161) ~[authlib-3.11.49.jar:?]
	at net.minecraft.client.Minecraft.createUserApiService(Minecraft.java:626) [minecraft-project-@-merged-named.jar:?]
	at net.minecraft.client.Minecraft.<init>(Minecraft.java:428) [minecraft-project-@-merged-named.jar:?]
	at net.minecraft.client.main.Main.run(Main.java:184) [minecraft-project-@-merged-named.jar:?]
	at net.minecraft.client.main.Main.main(Main.java:55) [minecraft-project-@-merged-named.jar:?]
	at net.fabricmc.loader.impl.game.minecraft.MinecraftGameProvider.launch(MinecraftGameProvider.java:462) [fabric-loader-0.14.19.jar:?]
	at net.fabricmc.loader.impl.launch.knot.Knot.launch(Knot.java:74) [fabric-loader-0.14.19.jar:?]
	at net.fabricmc.loader.impl.launch.knot.KnotClient.main(KnotClient.java:23) [fabric-loader-0.14.19.jar:?]
	at net.fabricmc.devlaunchinjector.Main.main(Main.java:86) [dev-launch-injector-0.2.1+build.8.jar:?]
Caused by: com.mojang.authlib.exceptions.MinecraftClientHttpException: Status: 401
	at com.mojang.authlib.minecraft.client.MinecraftClient.readInputStream(MinecraftClient.java:85) ~[authlib-3.11.49.jar:?]
	at com.mojang.authlib.minecraft.client.MinecraftClient.get(MinecraftClient.java:48) ~[authlib-3.11.49.jar:?]
	at com.mojang.authlib.yggdrasil.YggdrasilUserApiService.fetchProperties(YggdrasilUserApiService.java:129) ~[authlib-3.11.49.jar:?]
	... 10 more
[17:58:17] [Render thread/INFO] (fabric-screen-api-v1) Setting user: Player826
[17:58:17] [Render thread/INFO] (LimboMod) Initializing LimboMod
[17:58:18] [Render thread/INFO] (Indigo) [Indigo] Registering Indigo renderer!
[17:58:19] [Render thread/INFO] (fabric-screen-api-v1) Backend library: LWJGL version 3.3.1 SNAPSHOT
[17:58:22] [Worker-Main-17/ERROR] (Minecraft) Failed to retrieve profile key pair
java.io.IOException: Could not retrieve profile key pair
	at net.minecraft.client.multiplayer.ProfileKeyPairManager.fetchProfileKeyPair(ProfileKeyPairManager.java:151) ~[minecraft-project-@-merged-named.jar:?]
	at net.minecraft.client.multiplayer.ProfileKeyPairManager.method_44291(ProfileKeyPairManager.java:72) ~[minecraft-project-@-merged-named.jar:?]
	at java.util.concurrent.CompletableFuture$AsyncSupply.run(CompletableFuture.java:1768) [?:?]
	at java.util.concurrent.CompletableFuture$AsyncSupply.exec(CompletableFuture.java:1760) [?:?]
	at java.util.concurrent.ForkJoinTask.doExec(ForkJoinTask.java:373) [?:?]
	at java.util.concurrent.ForkJoinPool$WorkQueue.topLevelExec(ForkJoinPool.java:1182) [?:?]
	at java.util.concurrent.ForkJoinPool.scan(ForkJoinPool.java:1655) [?:?]
	at java.util.concurrent.ForkJoinPool.runWorker(ForkJoinPool.java:1622) [?:?]
	at java.util.concurrent.ForkJoinWorkerThread.run(ForkJoinWorkerThread.java:165) [?:?]
[17:58:22] [Render thread/INFO] (Minecraft) Reloading ResourceManager: Default, Fabric Mods (Fabric Game Rule API (v1), Fabric Renderer - Indigo, Fabric Entity Events (v1), Fabric Item API (v1), Fabric Resource Loader (v0), Fabric Content Registries (v0), Fabric Lifecycle Events (v1), Fabric Crash Report Info (v1), Fabric Convention Tags, limbo, Fabric Transfer API (v1), Fabric Registry Sync (v0), Fabric Client Tags, TerraBlender, Fabric Loader, Fabric Rendering Data Attachment (v1), Fabric API Base, Fabric Loot API (v2), Fabric Biome API (v1), Fabric Data Generation API (v1), Fabric Mining Level API (v1), Fabric Command API (v2), Fabric Sound API (v1), Fabric API Lookup API (v1), Fabric Screen API (v1), Fabric BlockRenderLayer Registration (v1), Fabric Item Groups (v0), Fabric Networking API (v1), Fabric Game Test API (v1), Fabric Key Binding API (v1), Fabric Rendering (v1), Fabric Transitive Access Wideners (v1), Fabric Models (v0), Fabric Resource Conditions API (v1), Fabric Message API (v1), Fabric Dimensions API (v1), Fabric API, Fabric Rendering Fluids (v1), Fabric Particles (v1), Fabric Textures (v0), Fabric Screen Handler API (v1), Fabric Renderer API (v1), Fabric Events Interaction (v0), Fabric Object Builder API (v1))
[17:58:23] [Realms Notification Availability checker #1/INFO] (Minecraft) Could not authorize you against Realms server: java.lang.RuntimeException: Failed to parse into SignedJWT: FabricMC
[17:58:25] [Render thread/WARN] (Minecraft) Missing sound for event: minecraft:item.goat_horn.play
[17:58:25] [Render thread/WARN] (Minecraft) Missing sound for event: minecraft:entity.goat.screaming.horn_break
[17:58:25] [Render thread/INFO] (Minecraft) OpenAL initialized on device OpenAL Soft on XF273 S (2- NVIDIA High Definition Audio)
[17:58:25] [Render thread/INFO] (Minecraft) Sound engine started
[17:58:25] [Render thread/INFO] (Minecraft) Created: 2048x2048x2 minecraft:textures/atlas/blocks.png-atlas
[17:58:25] [Render thread/INFO] (Minecraft) Created: 256x128x2 minecraft:textures/atlas/signs.png-atlas
[17:58:25] [Render thread/INFO] (Minecraft) Created: 1024x512x2 minecraft:textures/atlas/banner_patterns.png-atlas
[17:58:25] [Render thread/INFO] (Minecraft) Created: 1024x512x2 minecraft:textures/atlas/shield_patterns.png-atlas
[17:58:25] [Render thread/INFO] (Minecraft) Created: 256x256x2 minecraft:textures/atlas/chest.png-atlas
[17:58:25] [Render thread/INFO] (Minecraft) Created: 512x256x2 minecraft:textures/atlas/beds.png-atlas
[17:58:25] [Render thread/INFO] (Minecraft) Created: 512x256x2 minecraft:textures/atlas/shulker_boxes.png-atlas
[17:58:27] [Render thread/WARN] (Minecraft) Shader rendertype_entity_translucent_emissive could not find sampler named Sampler2 in the specified shader program.
[17:58:27] [Render thread/INFO] (Minecraft) Created: 512x256x0 minecraft:textures/atlas/particles.png-atlas
[17:58:27] [Render thread/INFO] (Minecraft) Created: 256x256x0 minecraft:textures/atlas/paintings.png-atlas
[17:58:27] [Render thread/INFO] (Minecraft) Created: 2048x1024x0 minecraft:textures/atlas/mob_effects.png-atlas
[17:58:32] [Worker-Bootstrap-1/INFO] (Minecraft) 4283 Datafixer optimizations took 20439 milliseconds
[18:01:07] [Render thread/INFO] (Minecraft) Deleting level New World
[18:01:07] [Render thread/INFO] (Minecraft) Attempt 1...
[18:01:09] [Render thread/INFO] (Minecraft) Loaded 7 recipes
[18:01:09] [Render thread/INFO] (Minecraft) Loaded 1179 advancements
[18:01:22] [Render thread/INFO] (Minecraft) Loaded 7 recipes
[18:01:22] [Render thread/INFO] (Minecraft) Loaded 1179 advancements
[18:01:26] [Render thread/INFO] (Minecraft) Loaded 7 recipes
[18:01:26] [Render thread/INFO] (Minecraft) Loaded 1179 advancements
[18:01:26] [Worker-Main-25/ERROR] (Minecraft) Failed to retrieve profile key pair
java.io.IOException: Could not retrieve profile key pair
	at net.minecraft.client.multiplayer.ProfileKeyPairManager.fetchProfileKeyPair(ProfileKeyPairManager.java:151) ~[minecraft-project-@-merged-named.jar:?]
	at net.minecraft.client.multiplayer.ProfileKeyPairManager.method_44291(ProfileKeyPairManager.java:72) ~[minecraft-project-@-merged-named.jar:?]
	at java.util.concurrent.CompletableFuture$AsyncSupply.run(CompletableFuture.java:1768) [?:?]
	at java.util.concurrent.CompletableFuture$AsyncSupply.exec(CompletableFuture.java:1760) [?:?]
	at java.util.concurrent.ForkJoinTask.doExec(ForkJoinTask.java:373) [?:?]
	at java.util.concurrent.ForkJoinPool$WorkQueue.topLevelExec(ForkJoinPool.java:1182) [?:?]
	at java.util.concurrent.ForkJoinPool.scan(ForkJoinPool.java:1655) [?:?]
	at java.util.concurrent.ForkJoinPool.runWorker(ForkJoinPool.java:1622) [?:?]
	at java.util.concurrent.ForkJoinWorkerThread.run(ForkJoinWorkerThread.java:165) [?:?]
[18:01:26] [Render thread/INFO] (BiomeModificationImpl) Applied 128 biome modifications to 64 of 64 new biomes in 15.57 ms
[18:01:26] [Server thread/INFO] (Minecraft) Starting integrated minecraft server version 1.19.2
[18:01:26] [Server thread/INFO] (Minecraft) Generating keypair
[18:01:26] [Server thread/INFO] (terrablender) Registered region minecraft:overworld to index 0 for type OVERWORLD
[18:01:26] [Server thread/INFO] (terrablender) Registered region minecraft:nether to index 0 for type NETHER
[18:01:26] [Server thread/INFO] (terrablender) Initialized TerraBlender biomes for level stem minecraft:the_nether
[18:01:26] [Server thread/INFO] (terrablender) Initialized TerraBlender biomes for level stem minecraft:overworld
[18:01:36] [Server thread/INFO] (Minecraft) Preparing start region for dimension minecraft:overworld
[18:01:36] [Render thread/INFO] (Minecraft) Preparing spawn area: 0%
[18:01:37] [Render thread/INFO] (Minecraft) Preparing spawn area: 0%
[18:01:37] [Render thread/INFO] (Minecraft) Preparing spawn area: 0%
[18:01:38] [Render thread/INFO] (Minecraft) Preparing spawn area: 1%
[18:01:38] [Render thread/INFO] (Minecraft) Preparing spawn area: 2%
[18:01:39] [Render thread/INFO] (Minecraft) Preparing spawn area: 4%
[18:01:39] [Render thread/INFO] (Minecraft) Preparing spawn area: 5%
[18:01:40] [Render thread/INFO] (Minecraft) Preparing spawn area: 7%
[18:01:40] [Render thread/INFO] (Minecraft) Preparing spawn area: 9%
[18:01:41] [Render thread/INFO] (Minecraft) Preparing spawn area: 13%
[18:01:41] [Render thread/INFO] (Minecraft) Preparing spawn area: 15%
[18:01:42] [Render thread/INFO] (Minecraft) Preparing spawn area: 16%
[18:01:42] [Render thread/INFO] (Minecraft) Preparing spawn area: 19%
[18:01:43] [Render thread/INFO] (Minecraft) Preparing spawn area: 22%
[18:01:43] [Render thread/INFO] (Minecraft) Preparing spawn area: 25%
[18:01:44] [Render thread/INFO] (Minecraft) Preparing spawn area: 27%
[18:01:44] [Render thread/INFO] (Minecraft) Preparing spawn area: 32%
[18:01:45] [Render thread/INFO] (Minecraft) Preparing spawn area: 34%
[18:01:45] [Render thread/INFO] (Minecraft) Preparing spawn area: 36%
[18:01:47] [Render thread/INFO] (Minecraft) Preparing spawn area: 39%
[18:01:47] [Render thread/INFO] (Minecraft) Preparing spawn area: 39%
[18:01:47] [Render thread/INFO] (Minecraft) Preparing spawn area: 39%
[18:01:47] [Render thread/INFO] (Minecraft) Preparing spawn area: 39%
[18:01:48] [Render thread/INFO] (Minecraft) Preparing spawn area: 41%
[18:01:48] [Render thread/INFO] (Minecraft) Preparing spawn area: 42%
[18:01:49] [Render thread/INFO] (Minecraft) Preparing spawn area: 44%
[18:01:49] [Render thread/INFO] (Minecraft) Preparing spawn area: 44%
[18:01:50] [Render thread/INFO] (Minecraft) Preparing spawn area: 46%
[18:01:50] [Render thread/INFO] (Minecraft) Preparing spawn area: 49%
[18:01:51] [Render thread/INFO] (Minecraft) Preparing spawn area: 54%
[18:01:51] [Render thread/INFO] (Minecraft) Preparing spawn area: 56%
[18:01:52] [Render thread/INFO] (Minecraft) Preparing spawn area: 60%
[18:01:52] [Render thread/INFO] (Minecraft) Preparing spawn area: 64%
[18:01:53] [Render thread/INFO] (Minecraft) Preparing spawn area: 68%
[18:01:53] [Render thread/INFO] (Minecraft) Preparing spawn area: 70%
[18:01:54] [Render thread/INFO] (Minecraft) Preparing spawn area: 73%
[18:01:54] [Render thread/INFO] (Minecraft) Preparing spawn area: 78%
[18:01:55] [Render thread/INFO] (Minecraft) Preparing spawn area: 83%
[18:01:55] [Render thread/INFO] (Minecraft) Preparing spawn area: 87%
[18:01:56] [Render thread/INFO] (Minecraft) Preparing spawn area: 89%
[18:01:56] [Render thread/INFO] (Minecraft) Preparing spawn area: 93%
[18:01:57] [Render thread/INFO] (Minecraft) Preparing spawn area: 97%
[18:01:57] [Render thread/INFO] (Minecraft) Time elapsed: 20602 ms
[18:01:57] [Server thread/INFO] (Minecraft) Changing view distance to 12, from 10
[18:01:57] [Server thread/INFO] (Minecraft) Changing simulation distance to 12, from 0
[18:01:57] [Server thread/INFO] (Minecraft) Player826[local:E:fc84f22b] logged in with entity id 323 at (-4.5, 67.0, -8.5)
[18:01:57] [Server thread/INFO] (Minecraft) Player826 joined the game
[18:01:58] [Render thread/INFO] (Minecraft) Loaded 0 advancements
[18:02:00] [Server thread/INFO] (Minecraft) Saving and pausing game...
[18:02:00] [Server thread/INFO] (Minecraft) Saving chunks for level 'ServerLevel[New World]'/minecraft:overworld
[18:02:00] [Server thread/INFO] (Minecraft) Saving chunks for level 'ServerLevel[New World]'/minecraft:the_nether
[18:02:00] [Server thread/INFO] (Minecraft) Saving chunks for level 'ServerLevel[New World]'/minecraft:the_end
[18:02:00] [Server thread/INFO] (Minecraft) Saving chunks for level 'ServerLevel[New World]'/limbo:limbo_dimension
[18:04:54] [Render thread/INFO] (Minecraft) [System] [CHAT] [Debug]: Copied location to clipboard
[18:05:05] [Server thread/INFO] (Minecraft) Saving and pausing game...
[18:05:05] [Server thread/INFO] (Minecraft) Saving chunks for level 'ServerLevel[New World]'/minecraft:overworld
[18:05:05] [Server thread/INFO] (Minecraft) Saving chunks for level 'ServerLevel[New World]'/minecraft:the_nether
[18:05:05] [Server thread/INFO] (Minecraft) Saving chunks for level 'ServerLevel[New World]'/minecraft:the_end
[18:05:05] [Server thread/INFO] (Minecraft) Saving chunks for level 'ServerLevel[New World]'/limbo:limbo_dimension
[18:05:24] [Server thread/INFO] (Minecraft) Saving and pausing game...
[18:05:24] [Server thread/INFO] (Minecraft) Saving chunks for level 'ServerLevel[New World]'/minecraft:overworld
[18:05:24] [Server thread/INFO] (Minecraft) Saving chunks for level 'ServerLevel[New World]'/minecraft:the_nether
[18:05:24] [Server thread/INFO] (Minecraft) Saving chunks for level 'ServerLevel[New World]'/minecraft:the_end
[18:05:24] [Server thread/INFO] (Minecraft) Saving chunks for level 'ServerLevel[New World]'/limbo:limbo_dimension
[18:06:29] [Server thread/INFO] (Minecraft) Saving and pausing game...
[18:06:29] [Server thread/INFO] (Minecraft) Saving chunks for level 'ServerLevel[New World]'/minecraft:overworld
[18:06:29] [Server thread/INFO] (Minecraft) Saving chunks for level 'ServerLevel[New World]'/minecraft:the_nether
[18:06:29] [Server thread/INFO] (Minecraft) Saving chunks for level 'ServerLevel[New World]'/minecraft:the_end
[18:06:29] [Server thread/INFO] (Minecraft) Saving chunks for level 'ServerLevel[New World]'/limbo:limbo_dimension
[18:06:32] [Render thread/INFO] (fabric-screen-api-v1) Stopping!
[18:06:32] [Server thread/INFO] (Minecraft) Player826 lost connection: Disconnected
[18:06:32] [Server thread/INFO] (Minecraft) Player826 left the game
[18:06:32] [Server thread/INFO] (Minecraft) Stopping singleplayer server as player logged out
[18:06:32] [Server thread/INFO] (Minecraft) Stopping server
[18:06:32] [Server thread/INFO] (Minecraft) Saving players
[18:06:32] [Server thread/INFO] (Minecraft) Saving worlds
[18:06:33] [Server thread/INFO] (Minecraft) Saving chunks for level 'ServerLevel[New World]'/minecraft:overworld
[18:06:34] [Server thread/INFO] (Minecraft) Saving chunks for level 'ServerLevel[New World]'/minecraft:the_nether
[18:06:34] [Server thread/INFO] (Minecraft) Saving chunks for level 'ServerLevel[New World]'/minecraft:the_end
[18:06:34] [Server thread/INFO] (Minecraft) Saving chunks for level 'ServerLevel[New World]'/limbo:limbo_dimension
[18:06:34] [Server thread/INFO] (Minecraft) ThreadedAnvilChunkStorage (New World): All chunks are saved
[18:06:34] [Server thread/INFO] (Minecraft) ThreadedAnvilChunkStorage (DIM-1): All chunks are saved
[18:06:34] [Server thread/INFO] (Minecraft) ThreadedAnvilChunkStorage (DIM1): All chunks are saved
[18:06:34] [Server thread/INFO] (Minecraft) ThreadedAnvilChunkStorage (limbo_dimension): All chunks are saved
[18:06:34] [Server thread/INFO] (Minecraft) ThreadedAnvilChunkStorage: All dimensions are saved
